0 info it worked if it ends with ok
1 verbose cli [ '/home/umakanta/.nvm/versions/node/v6.13.0/bin/node',
1 verbose cli   '/home/umakanta/.nvm/versions/node/v6.13.0/bin/npm',
1 verbose cli   'start' ]
2 info using npm@3.10.10
3 info using node@v6.13.0
4 verbose run-script [ 'prestart', 'start', 'poststart' ]
5 info lifecycle quick-notes@0.1.0~prestart: quick-notes@0.1.0
6 silly lifecycle quick-notes@0.1.0~prestart: no script for prestart, continuing
7 info lifecycle quick-notes@0.1.0~start: quick-notes@0.1.0
8 verbose lifecycle quick-notes@0.1.0~start: unsafe-perm in lifecycle true
9 verbose lifecycle quick-notes@0.1.0~start: PATH: /home/umakanta/.nvm/versions/node/v6.13.0/lib/node_modules/npm/bin/node-gyp-bin:/home/umakanta/notes/quick-notes/node_modules/.bin:/home/umakanta/.nvm/versions/node/v6.13.0/bin:/usr/local/sbin:/usr/local/bin:/usr/sbin:/usr/bin:/sbin:/bin:/usr/games:/usr/local/games:/snap/bin:/usr/lib/jvm/java-8-oracle/bin:/usr/lib/jvm/java-8-oracle/db/bin:/usr/lib/jvm/java-8-oracle/jre/bin:/home/umakanta/opt/gradle/bin
10 verbose lifecycle quick-notes@0.1.0~start: CWD: /home/umakanta/notes/quick-notes
11 silly lifecycle quick-notes@0.1.0~start: Args: [ '-c', 'react-scripts start' ]
12 silly lifecycle quick-notes@0.1.0~start: Returned: code: 143  signal: null
13 info lifecycle quick-notes@0.1.0~start: Failed to exec start script
14 verbose stack Error: quick-notes@0.1.0 start: `react-scripts start`
14 verbose stack Exit status 143
14 verbose stack     at EventEmitter.<anonymous> (/home/umakanta/.nvm/versions/node/v6.13.0/lib/node_modules/npm/lib/utils/lifecycle.js:255:16)
14 verbose stack     at emitTwo (events.js:106:13)
14 verbose stack     at EventEmitter.emit (events.js:191:7)
14 verbose stack     at ChildProcess.<anonymous> (/home/umakanta/.nvm/versions/node/v6.13.0/lib/node_modules/npm/lib/utils/spawn.js:40:14)
14 verbose stack     at emitTwo (events.js:106:13)
14 verbose stack     at ChildProcess.emit (events.js:191:7)
14 verbose stack     at maybeClose (internal/child_process.js:920:16)
14 verbose stack     at Process.ChildProcess._handle.onexit (internal/child_process.js:230:5)
15 verbose pkgid quick-notes@0.1.0
16 verbose cwd /home/umakanta/notes/quick-notes
17 error Linux 4.4.0-116-generic
18 error argv "/home/umakanta/.nvm/versions/node/v6.13.0/bin/node" "/home/umakanta/.nvm/versions/node/v6.13.0/bin/npm" "start"
19 error node v6.13.0
20 error npm  v3.10.10
21 error code ELIFECYCLE
22 error quick-notes@0.1.0 start: `react-scripts start`
22 error Exit status 143
23 error Failed at the quick-notes@0.1.0 start script 'react-scripts start'.
23 error Make sure you have the latest version of node.js and npm installed.
23 error If you do, this is most likely a problem with the quick-notes package,
23 error not with npm itself.
23 error Tell the author that this fails on your system:
23 error     react-scripts start
23 error You can get information on how to open an issue for this project with:
23 error     npm bugs quick-notes
23 error Or if that isn't available, you can get their info via:
23 error     npm owner ls quick-notes
23 error There is likely additional logging output above.
24 verbose exit [ 1, true ]
